<?xml version="1.0" encoding="UTF-8"?>
<testsuite name="ru.netology.rest.PostmanEchoTest" tests="1" skipped="0" failures="0" errors="0" timestamp="2023-01-02T18:44:52" hostname="MacBook-Pro.local" time="2.341">
  <properties/>
  <testcase name="shouldSendPostRequest()" classname="ru.netology.rest.PostmanEchoTest" time="2.341"/>
  <system-out><![CDATA[]]></system-out>
  <system-err><![CDATA[]]></system-err>
</testsuite>
